2025-02-26 22:47:01,138 - MY_APP - Initializing Japanese Learning App...
2025-02-26 22:47:01,189 - MY_APP - Entering render_setup_state
2025-02-26 22:47:01,189 - MY_APP - No vocabulary loaded
2025-02-26 22:47:18,255 - MY_APP - Initializing Japanese Learning App...
2025-02-26 22:47:18,255 - MY_APP - http://127.0.0.1:5000/api/groups/2/words/raw
2025-02-26 22:47:18,270 - MY_APP - Response status: 200
2025-02-26 22:47:18,270 - MY_APP - Received data for group: Core Adjectives
2025-02-26 22:47:18,270 - MY_APP - Entering render_setup_state
2025-02-26 22:47:18,270 - MY_APP - Generate button state: False
2025-02-26 22:47:24,166 - MY_APP - Initializing Japanese Learning App...
2025-02-26 22:47:24,167 - MY_APP - http://127.0.0.1:5000/api/groups/2/words/raw
2025-02-26 22:47:24,181 - MY_APP - Response status: 200
2025-02-26 22:47:24,182 - MY_APP - Received data for group: Core Adjectives
2025-02-26 22:47:46,562 - MY_APP - Initializing Japanese Learning App...
2025-02-26 22:47:46,562 - MY_APP - http://127.0.0.1:5000/api/groups/1/words/raw
2025-02-26 22:47:46,570 - MY_APP - Response status: 200
2025-02-26 22:47:46,570 - MY_APP - Received data for group: Core Verbs
2025-02-26 22:47:46,571 - MY_APP - Entering render_setup_state
2025-02-26 22:47:46,571 - MY_APP - Generate button state: False
2025-02-26 22:47:51,951 - MY_APP - Initializing Japanese Learning App...
2025-02-26 22:47:51,951 - MY_APP - http://127.0.0.1:5000/api/groups/1/words/raw
2025-02-26 22:47:51,965 - MY_APP - Response status: 200
2025-02-26 22:47:51,966 - MY_APP - Received data for group: Core Verbs
2025-02-26 22:52:09,680 - MY_APP - Initializing Japanese Learning App...
2025-02-26 22:52:09,788 - MY_APP - Entering render_setup_state
2025-02-26 22:52:09,789 - MY_APP - No vocabulary loaded
2025-02-26 22:52:20,944 - MY_APP - Initializing Japanese Learning App...
2025-02-26 22:52:20,944 - MY_APP - http://127.0.0.1:5000/api/groups/1/words/raw
2025-02-26 22:52:20,956 - MY_APP - Response status: 200
2025-02-26 22:52:20,956 - MY_APP - Received data for group: Core Verbs
2025-02-26 22:52:20,957 - MY_APP - Entering render_setup_state
2025-02-26 22:52:20,957 - MY_APP - Generate button state: False
2025-02-26 22:53:01,809 - MY_APP - Initializing Japanese Learning App...
2025-02-26 22:53:01,810 - MY_APP - http://127.0.0.1:5000/api/groups/1/words/raw
2025-02-26 22:53:01,816 - MY_APP - Response status: 200
2025-02-26 22:53:01,816 - MY_APP - Received data for group: Core Verbs
2025-02-26 22:53:01,817 - MY_APP - Entering render_setup_state
2025-02-26 22:53:01,818 - MY_APP - Generate button state: False
2025-02-26 22:53:15,417 - MY_APP - Initializing Japanese Learning App...
2025-02-26 22:53:15,417 - MY_APP - http://127.0.0.1:5000/api/groups/1/words/raw
2025-02-26 22:53:15,423 - MY_APP - Response status: 200
2025-02-26 22:53:15,423 - MY_APP - Received data for group: Core Verbs
2025-02-26 22:53:15,423 - MY_APP - Entering render_setup_state
2025-02-26 22:53:15,424 - MY_APP - Generate button state: False
